<?xml version="1.0" encoding="UTF-8"?>
<!-- Generated by org.testng.reporters.JUnitReportReporter -->
<testsuite skipped="0" hostname="Sa2a-PC" name="P2P_Testings.BcastTest" tests="1" failures="0" timestamp="03 May 2018 04:35:41 GMT" time="0.046" errors="0">
  <testcase name="Bcast" time="0.046" classname="P2P_Testings.BcastTest"/>
</testsuite> <!-- P2P_Testings.BcastTest -->
