<?xml version="1.0" encoding="UTF-8"?>
<!-- Generated by org.testng.reporters.JUnitReportReporter -->
<testsuite skipped="0" hostname="Sa2a-PC" name="P2P_Testings.MulticastTest" tests="1" failures="0" timestamp="03 May 2018 04:35:16 GMT" time="31.847" errors="0">
  <testcase name="multicast" time="31.847" classname="P2P_Testings.MulticastTest"/>
</testsuite> <!-- P2P_Testings.MulticastTest -->
